<?xml version="1.0" encoding="UTF-8" ?>
<testsuite errors="0" failures="0" hostname="win7-viao-nb" name="org.netbeans.modules.compapp.catd.ConfiguredTest" tests="1" time="1.34" timestamp="2011-01-17T09:50:47">
  <properties>
    <property name="netbeans.autoupdate.country" value="AT" />
    <property name="com.sun.jbi.sa.internal.routing" value="true" />
    <property name="libs.DataBindingME.src" value="" />
    <property name="libs.j2me_ant_ext.javadoc" value="" />
    <property name="source.root" value="src" />
    <property name="org.openide.TopManager.GUI" value="true" />
    <property name="libs.proguard.javadoc" value="" />
    <property name="libs.junit.javadoc" value="C:\Dev\Programs\NetBeans\6.7\OpenESB\java2\docs\junit-3.8.2-api.zip" />
    <property name="libs.nsicom-ant-utils.src" value="" />
    <property name="libs.nokiaS80-ant-utils.javadoc" value="" />
    <property name="ant.core.lib" value="C:\Dev\Programs\NetBeans\6.7\OpenESB\java2\ant\lib\ant.jar" />
    <property name="libs.swing-app-framework.src" value="" />
    <property name="libs.jakarta_slide_ant_webdav.javadoc" value="" />
    <property name="libs.toplink.classpath" value="C:\Dev\Programs\NetBeans\6.7\OpenESB\java2\modules\ext\toplink\toplink-essentials.jar;C:\Dev\Programs\NetBeans\6.7\OpenESB\java2\modules\ext\toplink\toplink-essentials-agent.jar" />
    <property name="user.dir" value="C:\Dev\Src\Workspaces\NetBeans\bookstore-composite-application" />
    <property name="libs.hibernate-persistence.javadoc" value="" />
    <property name="libs.JMUnit4CLDC10.javadoc" value="C:\Dev\Programs\NetBeans\6.7\OpenESB\mobility8\modules\docs\jmunit-1.2.1-api.zip" />
    <property name="java.vm.version" value="17.0-b17" />
    <property name="libs.DataBindingME.classpath" value="C:\Dev\Programs\NetBeans\6.7\OpenESB\mobility8\modules\ext\netbeans_databindingme.jar" />
    <property name="libs.jstl11.maven-pom" value="" />
    <property name="libs.nsicom-ant-utils.classpath" value="C:\Dev\Programs\NetBeans\6.7\OpenESB\mobility8\ant\nblib\org-netbeans-modules-j2me-cdc-project-nsicom.jar" />
    <property name="libs.MySQLDriver.classpath" value="C:\Dev\Programs\NetBeans\6.7\OpenESB\ide11\modules\ext\mysql-connector-java-5.1.6-bin.jar" />
    <property name="jbi.content.additional" value="../bookstore-businessprocess/build/SEDeployment.jar" />
    <property name="libs.jstl11.src" value="" />
    <property name="netbeans.autoupdate.version" value="1.23" />
    <property name="libs.DataBindingME-PIM.maven-pom" value="" />
    <property name="libs.hibernate-support.maven-pom" value="" />
    <property name="libs.hibernate-support.javadoc" value="" />
    <property name="libs.NetBeans MIDP Components.maven-pom" value="" />
    <property name="jdk.home" value="C:\Dev\Programs\Java\SDK\JDK" />
    <property name="libs.javac-api.src" value="" />
    <property name="xml.module.install.dir" value="C:\Dev\Programs\NetBeans\6.7\OpenESB\xml2\modules" />
    <property name="sun.os.patch.level" value="" />
    <property name="java.vm.specification.name" value="Java Virtual Machine Specification" />
    <property name="libs.semc-ant-utils.classpath" value="C:\Dev\Programs\NetBeans\6.7\OpenESB\mobility8\modules\ext\org-netbeans-modules-j2me-cdc-project-semc.jar" />
    <property name="libs.Encoder-Custom.javadoc" value="" />
    <property name="nb.show.statistics.ui" value="usageStatisticsEnabled" />
    <property name="libs.nokiadeployment.classpath" value="C:\Dev\Programs\NetBeans\6.7\OpenESB\mobility8\modules\org-netbeans-modules-mobility-deployment-nokia.jar" />
    <property name="netbeans.autoupdate.variant" value="" />
    <property name="have.tests" value="true" />
    <property name="libs.nokiaS80-ant-utils.maven-pom" value="" />
    <property name="org.xml.sax.driver" value="com.sun.org.apache.xerces.internal.jaxp.SAXParserImpl$JAXPSAXParser" />
    <property name="libs.nb_svg_midp_components.src" value="C:\Dev\Programs\NetBeans\6.7\OpenESB\mobility8\sources\nb_svg_midp_components-src.zip" />
    <property name="j2ee.server.instance" value="[C:\GlassFishESBv22\glassfish]deployer:Sun:AppServer::localhost:4848" />
    <property name="netbeans.derby.system.home" value="C:\GlassFishESBv22\glassfish\databases" />
    <property name="libs.NetBeans MIDP Components WMA.src" value="C:\Dev\Programs\NetBeans\6.7\OpenESB\mobility8\sources\netbeans_midp_components_wma-src.zip" />
    <property name="libs.javac-api.javadoc" value="" />
    <property name="os.name" value="Windows 7" />
    <property name="esb.netbeans.platform" value="C:\Dev\Programs\NetBeans\6.7\OpenESB\platform10" />
    <property name="libs.beans-binding.classpath" value="C:\Dev\Programs\NetBeans\6.7\OpenESB\java2\modules\ext\beansbinding-1.2.1.jar" />
    <property name="libs.DataBindingME-SVG.javadoc" value="C:\Dev\Programs\NetBeans\6.7\OpenESB\mobility8\modules\docs\netbeans_databindingme_svg-api.zip" />
    <property name="libs.restapi.javadoc" value="C:\Dev\Programs\NetBeans\6.7\OpenESB\enterprise5\docs\jsr311-api-doc.zip" />
    <property name="libs.JWSAntTasks.maven-pom" value="" />
    <property name="libs.restapi.classpath" value="C:\Dev\Programs\NetBeans\6.7\OpenESB\enterprise5\modules\ext\rest\jsr311-api.jar" />
    <property name="java.vendor.url.bug" value="http://java.sun.com/cgi-bin/bugreport.cgi" />
    <property name="libs.nsicom-ant-utils.javadoc" value="" />
    <property name="libs.jaxb.maven-pom" value="" />
    <property name="os.arch" value="amd64" />
    <property name="libs.Encoder-Custom.classpath" value="C:\Dev\Programs\NetBeans\6.7\OpenESB\soa2\modules\ext\encoder\custom.jar;C:\Dev\Programs\NetBeans\6.7\OpenESB\soa2\modules\ext\encoder\customencoder-xsdextension.jar" />
    <property name="user.name" value="Sageniuz" />
    <property name="libs.jsf12.javadoc" value="C:\Dev\Programs\NetBeans\6.7\OpenESB\enterprise5\docs\javaee5-doc-api.zip" />
    <property name="libs.swing-layout.maven-pom" value="" />
    <property name="build.classes.dir" value="build/jar" />
    <property name="netbeans.accept_license_class" value="org.netbeans.license.AcceptLicense" />
    <property name="enterprise.module.install.dir" value="C:\Dev\Programs\NetBeans\6.7\OpenESB\enterprise5\modules" />
    <property name="libs.jaxws21.javadoc" value="C:\Dev\Programs\NetBeans\6.7\OpenESB\java2\docs\jaxws-2_1-api-doc.zip" />
    <property name="user.country" value="AT" />
    <property name="libs.jstl11.javadoc" value="C:\Dev\Programs\NetBeans\6.7\OpenESB\enterprise5\docs\javaee5-doc-api.zip" />
    <property name="libs.JMUnit4CLDC11.src" value="" />
    <property name="meta.inf" value="src/conf" />
    <property name="netbeans.home" value="C:\Dev\Programs\NetBeans\6.7\OpenESB\platform10" />
    <property name="build.compiler.emacs" value="true" />
    <property name="libs.ejb3-persistence.src" value="" />
    <property name="libs.Apache-CXF-2.2.3.src" value="C:\Dev\Src\Libs\ApacheCXF\2.2.3\src" />
    <property name="libs.nokiaS80-ant-utils.src" value="" />
    <property name="libs.cdc-pp-awt-layout.javadoc" value="" />
    <property name="libs.j2me_ant_ext.classpath" value="C:\Dev\Programs\NetBeans\6.7\OpenESB\mobility8\modules\org-netbeans-modules-mobility-antext.jar;C:\Dev\Programs\NetBeans\6.7\OpenESB\ide11\modules\org-netbeans-modules-classfile.jar" />
    <property name="java.endorsed.dirs" value="C:\Dev\Programs\Java\SDK\JDK\jre\lib\endorsed" />
    <property name="netbeans.dynamic.classpath" value="C:\Dev\Programs\NetBeans\6.7\OpenESB\platform10\core\core.jar;C:\Dev\Programs\NetBeans\6.7\OpenESB\platform10\core\org-openide-filesystems.jar;C:\Dev\Programs\NetBeans\6.7\OpenESB\nb6.7\core\org-netbeans-upgrader.jar;C:\Dev\Programs\NetBeans\6.7\OpenESB\nb6.7\core\locale\core_nb.jar" />
    <property name="libs.cdc-agui-swing-layout.maven-pom" value="" />
    <property name="libs.cdc-pp-awt-layout.src" value="C:\Dev\Programs\NetBeans\6.7\OpenESB\mobility8\sources\cdc-pp-awt-layout-src.zip" />
    <property name="java.vm.specification.version" value="1.0" />
    <property name="libs.jakarta_slide_ant_webdav.src" value="" />
    <property name="libs.sjmc-ant-utils.maven-pom" value="" />
    <property name="libs.Apache-CXF-2.2.3.classpath" value="C:\Dev\Src\Libs\ApacheCXF\2.2.3\lib\abdera-core-0.4.0-incubating.jar;C:\Dev\Src\Libs\ApacheCXF\2.2.3\lib\abdera-extensions-json-0.4.0-incubating.jar;C:\Dev\Src\Libs\ApacheCXF\2.2.3\lib\abdera-extensions-main-0.4.0-incubating.jar;C:\Dev\Src\Libs\ApacheCXF\2.2.3\lib\abdera-i18n-0.4.0-incubating.jar;C:\Dev\Src\Libs\ApacheCXF\2.2.3\lib\abdera-parser-0.4.0-incubating.jar;C:\Dev\Src\Libs\ApacheCXF\2.2.3\lib\ant-1.6.5.jar;C:\Dev\Src\Libs\ApacheCXF\2.2.3\lib\antlr-2.7.7.jar;C:\Dev\Src\Libs\ApacheCXF\2.2.3\lib\aopalliance-1.0.jar;C:\Dev\Src\Libs\ApacheCXF\2.2.3\lib\asm-2.2.3.jar;C:\Dev\Src\Libs\ApacheCXF\2.2.3\lib\axiom-api-1.2.7.jar;C:\Dev\Src\Libs\ApacheCXF\2.2.3\lib\axiom-impl-1.2.7.jar;C:\Dev\Src\Libs\ApacheCXF\2.2.3\lib\bcprov-jdk15-1.43.jar;C:\Dev\Src\Libs\ApacheCXF\2.2.3\lib\commons-codec-1.3.jar;C:\Dev\Src\Libs\ApacheCXF\2.2.3\lib\commons-collections-3.1.jar;C:\Dev\Src\Libs\ApacheCXF\2.2.3\lib\commons-httpclient-3.1.jar;C:\Dev\Src\Libs\ApacheCXF\2.2.3\lib\commons-lang-2.4.jar;C:\Dev\Src\Libs\ApacheCXF\2.2.3\lib\commons-logging-1.1.1.jar;C:\Dev\Src\Libs\ApacheCXF\2.2.3\lib\commons-pool-1.3.jar;C:\Dev\Src\Libs\ApacheCXF\2.2.3\lib\cxf-2.2.3.jar;C:\Dev\Src\Libs\ApacheCXF\2.2.3\lib\cxf-manifest.jar;C:\Dev\Src\Libs\ApacheCXF\2.2.3\lib\cxf-xjc-bug671-2.2.3.jar;C:\Dev\Src\Libs\ApacheCXF\2.2.3\lib\FastInfoset-1.2.7.jar;C:\Dev\Src\Libs\ApacheCXF\2.2.3\lib\geronimo-activation_1.1_spec-1.0.2.jar;C:\Dev\Src\Libs\ApacheCXF\2.2.3\lib\geronimo-annotation_1.0_spec-1.1.1.jar;C:\Dev\Src\Libs\ApacheCXF\2.2.3\lib\geronimo-javamail_1.4_spec-1.6.jar;C:\Dev\Src\Libs\ApacheCXF\2.2.3\lib\geronimo-jaxws_2.1_spec-1.0.jar;C:\Dev\Src\Libs\ApacheCXF\2.2.3\lib\geronimo-jms_1.1_spec-1.1.1.jar;C:\Dev\Src\Libs\ApacheCXF\2.2.3\lib\geronimo-servlet_2.5_spec-1.2.jar;C:\Dev\Src\Libs\ApacheCXF\2.2.3\lib\geronimo-stax-api_1.0_spec-1.0.1.jar;C:\Dev\Src\Libs\ApacheCXF\2.2.3\lib\geronimo-ws-metadata_2.0_spec-1.1.2.jar;C:\Dev\Src\Libs\ApacheCXF\2.2.3\lib\jaxb-api-2.1.jar;C:\Dev\Src\Libs\ApacheCXF\2.2.3\lib\jaxb-impl-2.1.12.jar;C:\Dev\Src\Libs\ApacheCXF\2.2.3\lib\jaxb-xjc-2.1.12.jar;C:\Dev\Src\Libs\ApacheCXF\2.2.3\lib\jaxen-1.1.jar;C:\Dev\Src\Libs\ApacheCXF\2.2.3\lib\jettison-1.1.jar;C:\Dev\Src\Libs\ApacheCXF\2.2.3\lib\jetty-6.1.19.jar;C:\Dev\Src\Libs\ApacheCXF\2.2.3\lib\jetty-util-6.1.19.jar;C:\Dev\Src\Libs\ApacheCXF\2.2.3\lib\jra-1.0-alpha-4.jar;C:\Dev\Src\Libs\ApacheCXF\2.2.3\lib\js-1.7R1.jar;C:\Dev\Src\Libs\ApacheCXF\2.2.3\lib\jsr311-api-1.0.jar;C:\Dev\Src\Libs\ApacheCXF\2.2.3\lib\neethi-2.0.4.jar;C:\Dev\Src\Libs\ApacheCXF\2.2.3\lib\oro-2.0.8.jar;C:\Dev\Src\Libs\ApacheCXF\2.2.3\lib\saaj-api-1.3.jar;C:\Dev\Src\Libs\ApacheCXF\2.2.3\lib\saaj-impl-1.3.2.jar;C:\Dev\Src\Libs\ApacheCXF\2.2.3\lib\serializer-2.7.1.jar;C:\Dev\Src\Libs\ApacheCXF\2.2.3\lib\slf4j-api-1.5.8.jar;C:\Dev\Src\Libs\ApacheCXF\2.2.3\lib\slf4j-jdk14-1.5.8.jar;C:\Dev\Src\Libs\ApacheCXF\2.2.3\lib\spring-beans-2.5.5.jar;C:\Dev\Src\Libs\ApacheCXF\2.2.3\lib\spring-context-2.5.5.jar;C:\Dev\Src\Libs\ApacheCXF\2.2.3\lib\spring-context-support-2.5.5.jar;C:\Dev\Src\Libs\ApacheCXF\2.2.3\lib\spring-core-2.5.5.jar;C:\Dev\Src\Libs\ApacheCXF\2.2.3\lib\spring-jms-2.5.5.jar;C:\Dev\Src\Libs\ApacheCXF\2.2.3\lib\spring-tx-2.5.5.jar;C:\Dev\Src\Libs\ApacheCXF\2.2.3\lib\spring-web-2.5.5.jar;C:\Dev\Src\Libs\ApacheCXF\2.2.3\lib\velocity-1.5.jar;C:\Dev\Src\Libs\ApacheCXF\2.2.3\lib\wsdl4j-1.6.2.jar;C:\Dev\Src\Libs\ApacheCXF\2.2.3\lib\wss4j-1.5.8.jar;C:\Dev\Src\Libs\ApacheCXF\2.2.3\lib\wstx-asl-3.2.8.jar;C:\Dev\Src\Libs\ApacheCXF\2.2.3\lib\xalan-2.7.1.jar;C:\Dev\Src\Libs\ApacheCXF\2.2.3\lib\xml-resolver-1.2.jar;C:\Dev\Src\Libs\ApacheCXF\2.2.3\lib\xmlbeans-2.4.0.jar;C:\Dev\Src\Libs\ApacheCXF\2.2.3\lib\XmlSchema-1.4.5.jar;C:\Dev\Src\Libs\ApacheCXF\2.2.3\lib\xmlsec-1.4.3.jar" />
    <property name="libs.JMUnit4CLDC10.maven-pom" value="" />
    <property name="libs.Apache-CXF-2.2.3.javadoc" value="C:\Dev\Src\Libs\ApacheCXF\2.2.3\docs\api" />
    <property name="libs.hibernate-persistence.classpath" value="C:\Dev\Programs\NetBeans\6.7\OpenESB\java2\modules\ext\hibernate\antlr-2.7.6.jar;C:\Dev\Programs\NetBeans\6.7\OpenESB\java2\modules\ext\hibernate\asm.jar;C:\Dev\Programs\NetBeans\6.7\OpenESB\java2\modules\ext\hibernate\asm-attrs.jar;C:\Dev\Programs\NetBeans\6.7\OpenESB\java2\modules\ext\hibernate\cglib-2.1.3.jar;C:\Dev\Programs\NetBeans\6.7\OpenESB\java2\modules\ext\hibernate\commons-collections-2.1.1.jar;C:\Dev\Programs\NetBeans\6.7\OpenESB\ide11\modules\ext\commons-logging-1.1.jar;C:\Dev\Programs\NetBeans\6.7\OpenESB\java2\modules\ext\hibernate\dom4j-1.6.1.jar;C:\Dev\Programs\NetBeans\6.7\OpenESB\java2\modules\ext\hibernate\ehcache-1.2.3.jar;C:\Dev\Programs\NetBeans\6.7\OpenESB\java2\modules\ext\hibernate\jdbc2_0-stdext.jar;C:\Dev\Programs\NetBeans\6.7\OpenESB\java2\modules\ext\hibernate\jta.jar;C:\Dev\Programs\NetBeans\6.7\OpenESB\java2\modules\ext\hibernate\hibernate3.jar;C:\Dev\Programs\NetBeans\6.7\OpenESB\java2\modules\ext\hibernate\hibernate-tools.jar;C:\Dev\Programs\NetBeans\6.7\OpenESB\java2\modules\ext\hibernate\hibernate-annotations.jar;C:\Dev\Programs\NetBeans\6.7\OpenESB\java2\modules\ext\hibernate\hibernate-commons-annotations.jar;C:\Dev\Programs\NetBeans\6.7\OpenESB\java2\modules\ext\hibernate\hibernate-entitymanager.jar;C:\Dev\Programs\NetBeans\6.7\OpenESB\java2\modules\ext\hibernate\javassist.jar;C:\Dev\Programs\NetBeans\6.7\OpenESB\java2\modules\ext\hibernate\ejb3-persistence.jar" />
    <property name="libs.jaxws21.src" value="" />
    <property name="libs.swing-app-framework.classpath" value="C:\Dev\Programs\NetBeans\6.7\OpenESB\java2\modules\ext\appframework-1.0.3.jar;C:\Dev\Programs\NetBeans\6.7\OpenESB\java2\modules\ext\swing-worker-1.1.jar" />
    <property name="netbeans.autoupdate.language" value="de" />
    <property name="libs.jakarta_slide_ant_webdav.classpath" value="C:\Dev\Programs\NetBeans\6.7\OpenESB\mobility8\modules\ext\commons-httpclient-3.0.1.jar;C:\Dev\Programs\NetBeans\6.7\OpenESB\ide11\modules\ext\commons-logging-1.1.jar;C:\Dev\Programs\NetBeans\6.7\OpenESB\java2\modules\ext\jdom-1.0.jar;C:\Dev\Programs\NetBeans\6.7\OpenESB\mobility8\modules\ext\jakarta-slide-webdavlib-2.1.jar;C:\Dev\Programs\NetBeans\6.7\OpenESB\mobility8\modules\ext\jakarta-slide-ant-webdav-2.1.jar" />
    <property name="org.netbeans.core.startup.specialResource" value="nullcom.sun.jdo.api.persistence.mapping.ejb" />
    <property name="libs.Encoder-Framework.javadoc" value="" />
    <property name="java.vendor" value="Sun Microsystems Inc." />
    <property name="libs.JMUnit4CLDC10.src" value="" />
    <property name="file.separator" value="\" />
    <property name="libs.IdentityAntTasks.src" value="" />
    <property name="libs.ActiveSync.classpath" value="C:\Dev\Programs\NetBeans\6.7\OpenESB\mobility8\modules\ext\nbactivesync-5.0.jar" />
    <property name="libs.junit_4.maven-pom" value="" />
    <property name="netbeans.buildnumber" value="200912141238" />
    <property name="libs.JWSAntTasks.javadoc" value="" />
    <property name="user.variant" value="" />
    <property name="sun.java.launcher" value="SUN_STANDARD" />
    <property name="libs.junit.classpath" value="C:\Dev\Programs\NetBeans\6.7\OpenESB\java2\modules\ext\junit-3.8.2.jar" />
    <property name="libs.jaxb.javadoc" value="" />
    <property name="libs.struts.classpath" value="C:\Dev\Programs\NetBeans\6.7\OpenESB\enterprise5\modules\ext\struts\antlr-2.7.2.jar;C:\Dev\Programs\NetBeans\6.7\OpenESB\enterprise5\modules\ext\struts\bsf-2.3.0.jar;C:\Dev\Programs\NetBeans\6.7\OpenESB\enterprise5\modules\ext\struts\commons-beanutils-1.7.0.jar;C:\Dev\Programs\NetBeans\6.7\OpenESB\enterprise5\modules\ext\struts\commons-chain-1.1.jar;C:\Dev\Programs\NetBeans\6.7\OpenESB\enterprise5\modules\ext\struts\commons-digester-1.8.jar;C:\Dev\Programs\NetBeans\6.7\OpenESB\enterprise5\modules\ext\struts\commons-fileupload-1.1.1.jar;C:\Dev\Programs\NetBeans\6.7\OpenESB\enterprise5\modules\ext\struts\commons-io-1.1.jar;C:\Dev\Programs\NetBeans\6.7\OpenESB\enterprise5\modules\ext\struts\commons-logging-1.0.4.jar;C:\Dev\Programs\NetBeans\6.7\OpenESB\enterprise5\modules\ext\struts\commons-validator-1.3.1.jar;C:\Dev\Programs\NetBeans\6.7\OpenESB\enterprise5\modules\ext\struts\jstl-1.0.2.jar;C:\Dev\Programs\NetBeans\6.7\OpenESB\enterprise5\modules\ext\struts\oro-2.0.8.jar;C:\Dev\Programs\NetBeans\6.7\OpenESB\enterprise5\modules\ext\struts\standard-1.0.2.jar;C:\Dev\Programs\NetBeans\6.7\OpenESB\enterprise5\modules\ext\struts\struts-core-1.3.8.jar;C:\Dev\Programs\NetBeans\6.7\OpenESB\enterprise5\modules\ext\struts\struts-el-1.3.8.jar;C:\Dev\Programs\NetBeans\6.7\OpenESB\enterprise5\modules\ext\struts\struts-extras-1.3.8.jar;C:\Dev\Programs\NetBeans\6.7\OpenESB\enterprise5\modules\ext\struts\struts-faces-1.3.8.jar;C:\Dev\Programs\NetBeans\6.7\OpenESB\enterprise5\modules\ext\struts\struts-mailreader-dao-1.3.8.jar;C:\Dev\Programs\NetBeans\6.7\OpenESB\enterprise5\modules\ext\struts\struts-scripting-1.3.8.jar;C:\Dev\Programs\NetBeans\6.7\OpenESB\enterprise5\modules\ext\struts\struts-taglib-1.3.8.jar;C:\Dev\Programs\NetBeans\6.7\OpenESB\enterprise5\modules\ext\struts\struts-tiles-1.3.8.jar" />
    <property name="ant.home" value="C:\Dev\Programs\NetBeans\6.7\OpenESB\java2\ant" />
    <property name="libs.junit_4.src" value="C:\Dev\Programs\NetBeans\6.7\OpenESB\java2\docs\junit-4.5-src.jar" />
    <property name="libs.ricoh-ant-utils.maven-pom" value="" />
    <property name="libs.absolutelayout.maven-pom" value="" />
    <property name="ant.java.version" value="1.6" />
    <property name="java.library.path" value="C:\Dev\Programs\Java\SDK\JDK\jre\bin;.;C:\Windows\Sun\Java\bin;C:\Windows\system32;C:\Windows;C:\Program Files\Common Files\Microsoft Shared\Windows Live;C:\Program Files (x86)\Common Files\Microsoft Shared\Windows Live;C:\Program Files (x86)\Haskell\bin;C:\Dev\Programs\Haskell\lib\extralibs\bin;C:\Dev\Programs\Haskell\bin;C:\Windows\system32;C:\Windows;C:\Windows\System32\Wbem;C:\Windows\System32\WindowsPowerShell\v1.0\;C:\Program Files\WIDCOMM\Bluetooth Software\;C:\Program Files\WIDCOMM\Bluetooth Software\syswow64;C:\Program Files (x86)\Common Files\Roxio Shared\10.0\DLLShared\;C:\Program Files (x86)\Common Files\Roxio Shared\DLLShared\;C:\Program Files\Intel\WiFi\bin\;C:\Program Files\Common Files\Intel\WirelessCommon\;C:\Dev\Programs\Subversion\Slik\bin\;C:\Program Files (x86)\Windows Live\Shared;C:\Program Files (x86)\WinMerge;C:\Dev\Programs\Git\cmd;C:\Users\Sageniuz\AppData\Roaming\cabal\bin;C:\Dev\Programs\Java\SDK\JDK\bin;C:\Dev\Programs\Maven\3.0.2\bin;C:\Dev\Programs\Eclipse\Helios\jee;C:\Dev\Programs\Putty;C:\Dev\Programs\Ant\1.8.1\bin;C:\Dev\Programs\Tomcat\7.0.2\bin;C:\Dev\Src\Libs\ApacheCXF\2.2.10\bin;C:\Dev\Src\scripts;C:\Dev\Programs\Notepad2" />
    <property name="libs.metro.maven-pom" value="" />
    <property name="libs.IdentityAntTasks.classpath" value="C:\Dev\Programs\NetBeans\6.7\OpenESB\identity2\ant\nblib\org-netbeans-modules-identity-ant.jar;C:\Dev\Programs\NetBeans\6.7\OpenESB\identity2\modules\org-netbeans-modules-identity-profile-api.jar" />
    <property name="java.util.logging.config.class" value="org.netbeans.core.startup.TopLogging" />
    <property name="libs.PostgreSQLDriver.src" value="" />
    <property name="sun.arch.data.model" value="64" />
    <property name="basedir" value="C:\Dev\Src\Workspaces\NetBeans\bookstore-composite-application" />
    <property name="libs.ActiveSync.src" value="" />
    <property name="libs.NetBeans MIDP Components PDA.src" value="C:\Dev\Programs\NetBeans\6.7\OpenESB\mobility8\sources\netbeans_midp_components_pda-src.zip" />
    <property name="libs.jstl11.classpath" value="C:\Dev\Programs\NetBeans\6.7\OpenESB\enterprise5\modules\ext\standard.jar;C:\Dev\Programs\NetBeans\6.7\OpenESB\enterprise5\modules\ext\jstl.jar" />
    <property name="path.separator" value=";" />
    <property name="com.sun.aas.installRoot" value="C:\GlassFishESBv22\glassfish" />
    <property name="sun.io.unicode.encoding" value="UnicodeLittle" />
    <property name="libs.semc-ant-utils.javadoc" value="" />
    <property name="libs.jaxws21.classpath" value="C:\Dev\Programs\NetBeans\6.7\OpenESB\ide11\modules\ext\jaxb\activation.jar;C:\Dev\Programs\NetBeans\6.7\OpenESB\ide11\modules\ext\jaxb\api\jaxb-api.jar;C:\Dev\Programs\NetBeans\6.7\OpenESB\ide11\modules\ext\jaxb\jaxb-impl.jar;C:\Dev\Programs\NetBeans\6.7\OpenESB\ide11\modules\ext\jaxb\jaxb-xjc.jar;C:\Dev\Programs\NetBeans\6.7\OpenESB\ide11\modules\ext\jaxb\api\jsr173_api.jar;C:\Dev\Programs\NetBeans\6.7\OpenESB\java2\modules\ext\jaxws21\FastInfoset.jar;C:\Dev\Programs\NetBeans\6.7\OpenESB\java2\modules\ext\jaxws21\http.jar;C:\Dev\Programs\NetBeans\6.7\OpenESB\java2\modules\ext\jaxws21\api\jaxws-api.jar;C:\Dev\Programs\NetBeans\6.7\OpenESB\java2\modules\ext\jaxws21\jaxws-rt.jar;C:\Dev\Programs\NetBeans\6.7\OpenESB\java2\modules\ext\jaxws21\jaxws-tools.jar;C:\Dev\Programs\NetBeans\6.7\OpenESB\java2\modules\ext\jaxws21\api\jsr181-api.jar;C:\Dev\Programs\NetBeans\6.7\OpenESB\java2\modules\ext\jaxws21\api\jsr250-api.jar;C:\Dev\Programs\NetBeans\6.7\OpenESB\java2\modules\ext\jaxws21\mimepull.jar;C:\Dev\Programs\NetBeans\6.7\OpenESB\java2\modules\ext\jaxws21\api\saaj-api.jar;C:\Dev\Programs\NetBeans\6.7\OpenESB\java2\modules\ext\jaxws21\saaj-impl.jar;C:\Dev\Programs\NetBeans\6.7\OpenESB\java2\modules\ext\jaxws21\sjsxp.jar;C:\Dev\Programs\NetBeans\6.7\OpenESB\java2\modules\ext\jaxws21\stax-ex.jar;C:\Dev\Programs\NetBeans\6.7\OpenESB\java2\modules\ext\jaxws21\streambuffer.jar" />
    <property name="libs.struts.src" value="" />
    <property name="user.language" value="de" />
    <property name="libs.Encoder-Framework.src" value="" />
    <property name="ant.file." value="C:\Dev\Src\Workspaces\NetBeans\bookstore-composite-application\build.xml" />
    <property name="libs.spring-framework.classpath" value="C:\Dev\Programs\NetBeans\6.7\OpenESB\ide11\modules\ext\commons-logging-1.1.jar;C:\Dev\Programs\NetBeans\6.7\OpenESB\java2\modules\ext\cglib-2.2.jar;C:\Dev\Programs\NetBeans\6.7\OpenESB\java2\modules\ext\spring\spring-2.5.jar" />
    <property name="useJavaUtilZip" value="true" />
    <property name="libs.Encoder-Framework.classpath" value="C:\Dev\Programs\NetBeans\6.7\OpenESB\soa2\modules\ext\encoder\encoderframework.jar;C:\Dev\Programs\NetBeans\6.7\OpenESB\soa2\modules\ext\encoder\encoderfrmwk-xsdextension.jar;C:\Dev\Programs\NetBeans\6.7\OpenESB\soa2\modules\ext\xmlbeans-2.1.0\xbean.jar" />
    <property name="libs.swing-layout.javadoc" value="C:\Dev\Programs\NetBeans\6.7\OpenESB\platform10\docs\swing-layout-1.0.3-doc.zip" />
    <property name="libs.swing-app-framework.javadoc" value="C:\Dev\Programs\NetBeans\6.7\OpenESB\java2\docs\appframework-1.0.3-doc.zip" />
    <property name="libs.ejb3-persistence.maven-pom" value="" />
    <property name="libs.proguard.classpath" value="C:\Dev\Programs\NetBeans\6.7\OpenESB\mobility8\external\proguard\proguard4.2.jar" />
    <property name="libs.DataBindingME-SVG.classpath" value="C:\Dev\Programs\NetBeans\6.7\OpenESB\mobility8\modules\ext\netbeans_databindingme_svg.jar" />
    <property name="https.nonProxyHosts" value="localhost|127.0.0.1|win7-viao-nb" />
    <property name="libs.PostgreSQLDriver.maven-pom" value="" />
    <property name="java.class.version" value="50.0" />
    <property name="libs.cdc-ant-utils.classpath" value="C:\Dev\Programs\NetBeans\6.7\OpenESB\mobility8\modules\ext\org-netbeans-modules-j2me-cdc-project.jar" />
    <property name="netbeans.system_http_proxy" value="DIRECT" />
    <property name="libs.NetBeans MIDP Components WMA.maven-pom" value="" />
    <property name="user.properties.file" value="C:\Dev\Programs\NetBeans\6.7\.netbeans\glassfishesb\build.properties" />
    <property name="libs.spring-framework.src" value="" />
    <property name="libs.javac-api.maven-pom" value="" />
    <property name="file.encoding.pkg" value="sun.io" />
    <property name="sun.cpu.endian" value="little" />
    <property name="libs.JWSAntTasks.classpath" value="C:\Dev\Programs\NetBeans\6.7\OpenESB\java2\ant\extra\org-netbeans-modules-javawebstart-anttasks.jar" />
    <property name="libs.PojoSELib.src" value="C:\Dev\Programs\NetBeans\6.7\OpenESB\soa2\modules\ext\jbi\sun-pojo-engine-api-src.jar" />
    <property name="libs.ant-contrib.classpath" value="C:\Dev\Programs\NetBeans\6.7\OpenESB\mobility8\modules\ext\ant-contrib-1.0b3.jar" />
    <property name="nbplatform.default.harness.dir" value="C:\Dev\Programs\NetBeans\6.7\OpenESB/harness" />
    <property name="java.home" value="C:\Dev\Programs\Java\SDK\JDK\jre" />
    <property name="libs.ricoh-ant-utils.src" value="" />
    <property name="libs.spring-webmvc.src" value="" />
    <property name="libs.ant-contrib.javadoc" value="" />
    <property name="netbeans.importclass" value="org.netbeans.upgrade.AutoUpgrade" />
    <property name="org.openide.TopManager" value="org.netbeans.core.NonGui" />
    <property name="libs.savaje-ant-utils.classpath" value="C:\Dev\Programs\NetBeans\6.7\OpenESB\mobility8\modules\ext\org-netbeans-modules-j2me-cdc-project-savaje.jar" />
    <property name="libs.toplink.maven-pom" value="" />
    <property name="libs.DataBindingME.maven-pom" value="" />
    <property name="libs.PostgreSQLDriver.javadoc" value="" />
    <property name="libs.restlib.classpath" value="C:\Dev\Programs\NetBeans\6.7\OpenESB\enterprise5\modules\ext\rest\jersey.jar;C:\Dev\Programs\NetBeans\6.7\OpenESB\enterprise5\modules\ext\rest\http.jar;C:\Dev\Programs\NetBeans\6.7\OpenESB\enterprise5\modules\ext\rest\wadl2java.jar;C:\Dev\Programs\NetBeans\6.7\OpenESB\enterprise5\modules\ext\rest\rome-0.9.jar;C:\Dev\Programs\NetBeans\6.7\OpenESB\enterprise5\modules\ext\rest\jdom-1.0.jar;C:\Dev\Programs\NetBeans\6.7\OpenESB\enterprise5\modules\ext\rest\jettison-1.0-RC1.jar;C:\Dev\Programs\NetBeans\6.7\OpenESB\enterprise5\modules\ext\rest\asm-3.1.jar;C:\Dev\Programs\NetBeans\6.7\OpenESB\enterprise5\modules\ext\rest\grizzly-servlet-webserver-1.7.3.2.jar;C:\Dev\Programs\NetBeans\6.7\OpenESB\enterprise5\modules\ext\rest\jersey-spring.jar;C:\Dev\Programs\NetBeans\6.7\OpenESB\ide11\modules\ext\jaxb\activation.jar;C:\Dev\Programs\NetBeans\6.7\OpenESB\ide11\modules\ext\jaxb\api\jaxb-api.jar;C:\Dev\Programs\NetBeans\6.7\OpenESB\ide11\modules\ext\jaxb\jaxb-impl.jar;C:\Dev\Programs\NetBeans\6.7\OpenESB\ide11\modules\ext\jaxb\jaxb-xjc.jar;C:\Dev\Programs\NetBeans\6.7\OpenESB\ide11\modules\ext\jaxb\api\jsr173_api.jar" />
    <property name="libs.JMUnit4CLDC11.javadoc" value="C:\Dev\Programs\NetBeans\6.7\OpenESB\mobility8\modules\docs\jmunit-1.2.1-api.zip" />
    <property name="jbi.service-unit.description" value="Represents this Service Unit" />
    <property name="libs.nsicom-ant-utils.maven-pom" value="" />
    <property name="libs.MySQLDriver.maven-pom" value="" />
    <property name="libs.savaje-ant-utils.src" value="" />
    <property name="http.nonProxyHosts" value="localhost|127.0.0.1|win7-viao-nb" />
    <property name="libs.junit_4.javadoc" value="C:\Dev\Programs\NetBeans\6.7\OpenESB\java2\docs\junit-4.5-api.zip" />
    <property name="libs.spring-webmvc.javadoc" value="" />
    <property name="libs.toplink.src" value="" />
    <property name="test.results.dir" value="C:\Dev\Src\Workspaces\NetBeans\bookstore-composite-application/test/results" />
    <property name="libs.cdc-pp-awt-layout.classpath" value="C:\Dev\Programs\NetBeans\6.7\OpenESB\mobility8\modules\ext\cdc-pp-awt-layout.jar" />
    <property name="libs.cdc-agui-swing-layout.src" value="C:\Dev\Programs\NetBeans\6.7\OpenESB\mobility8\sources\cdc-agui-swing-layout-src.zip" />
    <property name="libs.hibernate-support.src" value="" />
    <property name="libs.JMUnit4CLDC11.classpath" value="C:\Dev\Programs\NetBeans\6.7\OpenESB\mobility8\modules\ext\jmunit4cldc11-1.2.1.jar" />
    <property name="libs.nb_svg_midp_components.classpath" value="C:\Dev\Programs\NetBeans\6.7\OpenESB\mobility8\modules\ext\nb_svg_midp_components.jar" />
    <property name="libs.PojoSELib.classpath" value="C:\Dev\Programs\NetBeans\6.7\OpenESB\soa2\modules\ext\jbi\sun-pojo-engine-api.jar;C:\Dev\Programs\NetBeans\6.7\OpenESB\soa2\modules\ext\jbi\jbi.jar" />
    <property name="libs.NetBeans MIDP Components PDA.classpath" value="C:\Dev\Programs\NetBeans\6.7\OpenESB\mobility8\modules\ext\netbeans_midp_components_pda.jar" />
    <property name="libs.semc-ant-utils.maven-pom" value="" />
    <property name="libs.nokiadeployment.maven-pom" value="" />
    <property name="libs.restapi.src" value="" />
    <property name="reference.bookstore-businessprocess.dist_se" value="../bookstore-businessprocess/build/SEDeployment.jar" />
    <property name="libs.NetBeans MIDP Components.javadoc" value="C:\Dev\Programs\NetBeans\6.7\OpenESB\mobility8\modules\docs\netbeans_midp_components_basic-api.zip" />
    <property name="sun.management.compiler" value="HotSpot 64-Bit Server Compiler" />
    <property name="sun.java2d.noddraw" value="true" />
    <property name="maven.mode.standalone" value="true" />
    <property name="libs.spring-webmvc.classpath" value="C:\Dev\Programs\NetBeans\6.7\OpenESB\enterprise5\modules\ext\spring\spring-webmvc-2.5.jar" />
    <property name="ant.file" value="C:\Dev\Src\Workspaces\NetBeans\bookstore-composite-application\build.xml" />
    <property name="libs.beans-binding.maven-pom" value="" />
    <property name="com.sun.jbi.routing.bc.autoconnect" value="true" />
    <property name="libs.jsf12.classpath" value="C:\Dev\Programs\NetBeans\6.7\OpenESB\enterprise5\modules\ext\jsf-1_2\commons-beanutils.jar;C:\Dev\Programs\NetBeans\6.7\OpenESB\enterprise5\modules\ext\jsf-1_2\commons-collections.jar;C:\Dev\Programs\NetBeans\6.7\OpenESB\enterprise5\modules\ext\jsf-1_2\commons-digester.jar;C:\Dev\Programs\NetBeans\6.7\OpenESB\enterprise5\modules\ext\jsf-1_2\commons-logging.jar;C:\Dev\Programs\NetBeans\6.7\OpenESB\enterprise5\modules\ext\jsf-1_2\jsf-api.jar;C:\Dev\Programs\NetBeans\6.7\OpenESB\enterprise5\modules\ext\jsf-1_2\jsf-impl.jar" />
    <property name="sun.awt.exception.handler" value="org.netbeans.core.startup.TopLogging$AWTHandler" />
    <property name="GenerateATSOutput" value="${generate.ats.output}" />
    <property name="project.bookstore-businessprocess" value="../bookstore-businessprocess" />
    <property name="libs.restapi.maven-pom" value="" />
    <property name="no.catd.context" value="true" />
    <property name="libs.beans-binding.src" value="" />
    <property name="libs.NetBeans MIDP Components PDA.javadoc" value="C:\Dev\Programs\NetBeans\6.7\OpenESB\mobility8\modules\docs\netbeans_midp_components_pda-api.zip" />
    <property name="java.vm.specification.vendor" value="Sun Microsystems Inc." />
    <property name="libs.DataBindingME-PIM.javadoc" value="C:\Dev\Programs\NetBeans\6.7\OpenESB\mobility8\modules\docs\netbeans_databindingme_pim-api.zip" />
    <property name="libs.swing-layout.src" value="C:\Dev\Programs\NetBeans\6.7\OpenESB\platform10\docs\swing-layout-1.0.3-src.zip" />
    <property name="libs.j2me_ant_ext.src" value="" />
    <property name="org.openide.major.version" value="IDE/1" />
    <property name="java.vm.name" value="Java HotSpot(TM) 64-Bit Server VM" />
    <property name="libs.Encoder-Custom.maven-pom" value="" />
    <property name="netbeans.user" value="C:\Dev\Programs\NetBeans\6.7\.netbeans\glassfishesb" />
    <property name="libs.ricoh-ant-utils.classpath" value="C:\Dev\Programs\NetBeans\6.7\OpenESB\mobility8\modules\ext\org-netbeans-modules-j2me-cdc-project-ricoh.jar;C:\Dev\Programs\NetBeans\6.7\OpenESB\mobility8\modules\ext\RicohAntTasks-2.0.jar;C:\Dev\Programs\NetBeans\6.7\OpenESB\mobility8\modules\ext\commons-httpclient-3.0.jar;C:\Dev\Programs\NetBeans\6.7\OpenESB\ide11\modules\ext\commons-logging-1.1.jar;C:\Dev\Programs\NetBeans\6.7\OpenESB\mobility8\modules\ext\commons-codec-1.3.jar" />
    <property name="java.io.tmpdir" value="C:\Users\Sageniuz\AppData\Local\Temp\" />
    <property name="java.vendor.url" value="http://java.sun.com/" />
    <property name="jspc.classpath" value="C:\Dev\Programs\NetBeans\6.7\OpenESB\java2\ant\lib\ant.jar:C:\Dev\Programs\NetBeans\6.7\OpenESB\enterprise5\modules\ext\servlet2.5-jsp2.1-api.jar:${j2ee.platform.classpath}:C:\Dev\Programs\NetBeans\6.7\OpenESB\enterprise5\modules\ext\glassfish-jspparser-2.0.jar:C:\Dev\Programs\NetBeans\6.7\OpenESB\enterprise5\modules\ext\glassfish-logging-2.0.jar:C:\Dev\Programs\NetBeans\6.7\OpenESB\ide11\modules\ext\commons-logging-1.1.jar:C:\Dev\Programs\NetBeans\6.7\OpenESB\java2\ant\lib\ant-launcher.jar" />
    <property name="sun.boot.library.path" value="C:\Dev\Programs\Java\SDK\JDK\jre\bin" />
    <property name="src.build.dir" value="src/jbiServiceUnits" />
    <property name="libs.DataBindingME-SVG.src" value="" />
    <property name="dist.jar" value="dist/bookstore-composite-application.zip" />
    <property name="java.runtime.name" value="Java(TM) SE Runtime Environment" />
    <property name="ant.project.name" value="" />
    <property name="libs.PojoSELib.javadoc" value="C:\Dev\Programs\NetBeans\6.7\OpenESB\soa2\modules\ext\jbi\sun-pojo-engine-api-javadoc.jar" />
    <property name="netbeans.hash.code" value="unique=NB_GLASSFISH_SOA020c9a657-72d8-43a6-8de0-c70165e8e1b2_0a033328-0f42-49b4-b881-6ee1a5aa61ea" />
    <property name="libs.j2me_ant_ext.maven-pom" value="" />
    <property name="sun.cpu.isalist" value="amd64" />
    <property name="libs.CopyLibs.javadoc" value="" />
    <property name="libs.ActiveSync.javadoc" value="" />
    <property name="org.openide.specification.version" value="6.2" />
    <property name="libs.DataBindingME-PIM.classpath" value="C:\Dev\Programs\NetBeans\6.7\OpenESB\mobility8\modules\ext\netbeans_databindingme_pim.jar" />
    <property name="libs.hibernate-support.classpath" value="C:\Dev\Programs\NetBeans\6.7\OpenESB\java2\modules\ext\hibernate\antlr-2.7.6.jar;C:\Dev\Programs\NetBeans\6.7\OpenESB\java2\modules\ext\hibernate\asm.jar;C:\Dev\Programs\NetBeans\6.7\OpenESB\java2\modules\ext\hibernate\asm-attrs.jar;C:\Dev\Programs\NetBeans\6.7\OpenESB\java2\modules\ext\hibernate\cglib-2.1.3.jar;C:\Dev\Programs\NetBeans\6.7\OpenESB\java2\modules\ext\hibernate\commons-collections-2.1.1.jar;C:\Dev\Programs\NetBeans\6.7\OpenESB\ide11\modules\ext\commons-logging-1.1.jar;C:\Dev\Programs\NetBeans\6.7\OpenESB\java2\modules\ext\hibernate\dom4j-1.6.1.jar;C:\Dev\Programs\NetBeans\6.7\OpenESB\java2\modules\ext\hibernate\ehcache-1.2.3.jar;C:\Dev\Programs\NetBeans\6.7\OpenESB\java2\modules\ext\hibernate\jdbc2_0-stdext.jar;C:\Dev\Programs\NetBeans\6.7\OpenESB\java2\modules\ext\hibernate\jta.jar;C:\Dev\Programs\NetBeans\6.7\OpenESB\java2\modules\ext\hibernate\hibernate3.jar;C:\Dev\Programs\NetBeans\6.7\OpenESB\java2\modules\ext\hibernate\hibernate-tools.jar;C:\Dev\Programs\NetBeans\6.7\OpenESB\java2\modules\ext\hibernate\hibernate-annotations.jar;C:\Dev\Programs\NetBeans\6.7\OpenESB\java2\modules\ext\hibernate\hibernate-commons-annotations.jar;C:\Dev\Programs\NetBeans\6.7\OpenESB\java2\modules\ext\hibernate\hibernate-entitymanager.jar;C:\Dev\Programs\NetBeans\6.7\OpenESB\java2\modules\ext\hibernate\javassist.jar" />
    <property name="user.home" value="C:\Users\Sageniuz" />
    <property name="libs.NetBeans MIDP Components.classpath" value="C:\Dev\Programs\NetBeans\6.7\OpenESB\mobility8\modules\ext\netbeans_midp_components_basic.jar" />
    <property name="com.sun.jbi.routing" value="true" />
    <property name="libs.JWSAntTasks.src" value="" />
    <property name="libs.CopyLibs.maven-pom" value="" />
    <property name="libs.hibernate-persistence.maven-pom" value="" />
    <property name="libs.absolutelayout.javadoc" value="" />
    <property name="java.specification.name" value="Java Platform API Specification" />
    <property name="libs.swing-app-framework.maven-pom" value="" />
    <property name="libs.jakarta_slide_ant_webdav.maven-pom" value="" />
    <property name="libs.NetBeans MIDP Components WMA.classpath" value="C:\Dev\Programs\NetBeans\6.7\OpenESB\mobility8\modules\ext\netbeans_midp_components_wma.jar" />
    <property name="ide.module.install.dir" value="C:\Dev\Programs\NetBeans\6.7\OpenESB\ide11\modules" />
    <property name="libs.sjmc-ant-utils.src" value="" />
    <property name="libs.cdc-agui-swing-layout.javadoc" value="" />
    <property name="java.specification.vendor" value="Sun Microsystems Inc." />
    <property name="libs.javac-api.classpath" value="C:\Dev\Programs\NetBeans\6.7\OpenESB\java2\modules\ext\javac-api-nb-7.0-b07.jar" />
    <property name="libs.nokiaS80-ant-utils.classpath" value="C:\Dev\Programs\NetBeans\6.7\OpenESB\mobility8\modules\ext\org-netbeans-modules-j2me-cdc-project-nokiaS80.jar" />
    <property name="java.version" value="1.6.0_21" />
    <property name="libs.NetBeans MIDP Components WMA.javadoc" value="C:\Dev\Programs\NetBeans\6.7\OpenESB\mobility8\modules\docs\netbeans_midp_components_wma-api.zip" />
    <property name="libs.MySQLDriver.javadoc" value="" />
    <property name="org.openide.version" value="deprecated" />
    <property name="ant.file.bookstore-composite-application-jbi-impl" value="C:\Dev\Src\Workspaces\NetBeans\bookstore-composite-application\nbproject\build-impl.xml" />
    <property name="libs.ActiveSync.maven-pom" value="" />
    <property name="source.encoding" value="UTF-8" />
    <property name="libs.junit.maven-pom" value="" />
    <property name="libs.metro.javadoc" value="C:\Dev\Programs\NetBeans\6.7\OpenESB\enterprise5\docs\metro-1.4-doc.zip" />
    <property name="libs.struts.maven-pom" value="" />
    <property name="NetBeansUserDir" value="C:\Dev\Programs\NetBeans\6.7\.netbeans\glassfishesb" />
    <property name="test.dir" value="test" />
    <property name="libs.IdentityAntTasks.maven-pom" value="" />
    <property name="libs.jaxb.src" value="" />
    <property name="libs.cdc-ant-utils.src" value="" />
    <property name="libs.jaxb.classpath" value="C:\Dev\Programs\NetBeans\6.7\OpenESB\ide11\modules\ext\jaxb\activation.jar;C:\Dev\Programs\NetBeans\6.7\OpenESB\ide11\modules\ext\jaxb\api\jaxb-api.jar;C:\Dev\Programs\NetBeans\6.7\OpenESB\ide11\modules\ext\jaxb\jaxb-impl.jar;C:\Dev\Programs\NetBeans\6.7\OpenESB\ide11\modules\ext\jaxb\jaxb-xjc.jar;C:\Dev\Programs\NetBeans\6.7\OpenESB\ide11\modules\ext\jaxb\api\jsr173_api.jar" />
    <property name="libs.swing-layout.classpath" value="C:\Dev\Programs\NetBeans\6.7\OpenESB\platform10\modules\ext\swing-layout-1.0.3.jar" />
    <property name="libs.restlib.src" value="" />
    <property name="build.generated.dir" value="build/generated" />
    <property name="libs.hibernate-persistence.src" value="" />
    <property name="libs.proguard.src" value="" />
    <property name="line.separator" value="
" />
    <property name="java.specification.version" value="1.6" />
    <property name="libs.nb_svg_midp_components.javadoc" value="C:\Dev\Programs\NetBeans\6.7\OpenESB\mobility8\modules\docs\nb_svg_midp_components-api.zip" />
    <property name="libs.jaxws21.maven-pom" value="" />
    <property name="java.vm.info" value="mixed mode" />
    <property name="nb.registration.enabled" value="false" />
    <property name="libs.cdc-ant-utils.javadoc" value="" />
    <property name="libs.spring-framework.maven-pom" value="" />
    <property name="sun.boot.class.path" value="C:\Dev\Programs\Java\SDK\JDK\jre\lib\resources.jar;C:\Dev\Programs\Java\SDK\JDK\jre\lib\rt.jar;C:\Dev\Programs\Java\SDK\JDK\jre\lib\sunrsasign.jar;C:\Dev\Programs\Java\SDK\JDK\jre\lib\jsse.jar;C:\Dev\Programs\Java\SDK\JDK\jre\lib\jce.jar;C:\Dev\Programs\Java\SDK\JDK\jre\lib\charsets.jar;C:\Dev\Programs\Java\SDK\JDK\jre\classes" />
    <property name="src.dir" value="src/jbiasa" />
    <property name="libs.Encoder-Framework.maven-pom" value="" />
    <property name="libs.IdentityAntTasks.javadoc" value="" />
    <property name="sun.awt.keepWorkingSetOnMinimize" value="true" />
    <property name="libs.proguard.maven-pom" value="" />
    <property name="libs.jsf12.src" value="" />
    <property name="libs.DataBindingME-SVG.maven-pom" value="" />
    <property name="libs.nokiadeployment.src" value="" />
    <property name="libs.savaje-ant-utils.javadoc" value="" />
    <property name="nbplatform.default.netbeans.dest.dir" value="C:\Dev\Programs\NetBeans\6.7\OpenESB" />
    <property name="libs.struts.javadoc" value="C:\Dev\Programs\NetBeans\6.7\OpenESB\enterprise5\docs\struts-1.3.8-javadoc.zip" />
    <property name="jspctask.classpath" value="C:\Dev\Programs\NetBeans\6.7\OpenESB\enterprise5\ant\extra\jspcompile.jar" />
    <property name="libs.cdc-ant-utils.maven-pom" value="" />
    <property name="libs.cdc-agui-swing-layout.classpath" value="C:\Dev\Programs\NetBeans\6.7\OpenESB\mobility8\modules\ext\cdc-agui-swing-layout.jar" />
    <property name="dist.dir" value="dist" />
    <property name="inDebug" value="${inDebug}" />
    <property name="libs.sjmc-ant-utils.classpath" value="C:\Dev\Programs\NetBeans\6.7\OpenESB\mobility8\modules\ext\org-netbeans-modules-j2me-cdc-project-sjmc.jar" />
    <property name="org.netbeans.modules.compapp.catd.context" value="" />
    <property name="libs.JMUnit4CLDC10.classpath" value="C:\Dev\Programs\NetBeans\6.7\OpenESB\mobility8\modules\ext\jmunit4cldc10-1.2.1.jar" />
    <property name="java.awt.printerjob" value="sun.awt.windows.WPrinterJob" />
    <property name="default.javac.source" value="1.6" />
    <property name="sun.jnu.encoding" value="Cp1252" />
    <property name="libs.MySQLDriver.src" value="" />
    <property name="jbi.service-assembly.id" value="bookstore-composite-application" />
    <property name="libs.ant-contrib.maven-pom" value="" />
    <property name="libs.nokiadeployment.javadoc" value="" />
    <property name="java.runtime.version" value="1.6.0_21-b07" />
    <property name="libs.ejb3-persistence.javadoc" value="" />
    <property name="libs.NetBeans MIDP Components.src" value="C:\Dev\Programs\NetBeans\6.7\OpenESB\mobility8\sources\netbeans_midp_components_basic-src.zip" />
    <property name="libs.sjmc-ant-utils.javadoc" value="" />
    <property name="jbi.service-assembly.description" value="Represents the Service Assembly of bookstore-composite-application" />
    <property name="default.javac.target" value="1.6" />
    <property name="libs.junit_4.classpath" value="C:\Dev\Programs\NetBeans\6.7\OpenESB\platform10\modules\ext\junit-4.5.jar" />
    <property name="user.timezone" value="" />
    <property name="java.module.install.dir" value="C:\Dev\Programs\NetBeans\6.7\OpenESB\java2\modules" />
    <property name="libs.ant-contrib.src" value="" />
    <property name="netbeans.dirs" value="C:\Dev\Programs\NetBeans\6.7\OpenESB\nb6.7;C:\Dev\Programs\NetBeans\6.7\OpenESB\ide11;C:\Dev\Programs\NetBeans\6.7\OpenESB\java2;C:\Dev\Programs\NetBeans\6.7\OpenESB\xml2;C:\Dev\Programs\NetBeans\6.7\OpenESB\apisupport1;C:\Dev\Programs\NetBeans\6.7\OpenESB\webcommon1;C:\Dev\Programs\NetBeans\6.7\OpenESB\websvccommon1;C:\Dev\Programs\NetBeans\6.7\OpenESB\enterprise5;C:\Dev\Programs\NetBeans\6.7\OpenESB\mobility8;C:\Dev\Programs\NetBeans\6.7\OpenESB\profiler3;C:\Dev\Programs\NetBeans\6.7\OpenESB\ruby2;C:\Dev\Programs\NetBeans\6.7\OpenESB\python1;C:\Dev\Programs\NetBeans\6.7\OpenESB\php1;C:\Dev\Programs\NetBeans\6.7\OpenESB\visualweb2;C:\Dev\Programs\NetBeans\6.7\OpenESB\soa2;C:\Dev\Programs\NetBeans\6.7\OpenESB\identity2;C:\Dev\Programs\NetBeans\6.7\OpenESB\uml6;C:\Dev\Programs\NetBeans\6.7\OpenESB\harness;C:\Dev\Programs\NetBeans\6.7\OpenESB\cnd2;C:\Dev\Programs\NetBeans\6.7\OpenESB\dlight1;C:\Dev\Programs\NetBeans\6.7\OpenESB\groovy1;C:\Dev\Programs\NetBeans\6.7\OpenESB\extra;C:\Dev\Programs\NetBeans\6.7\OpenESB\javafx2;C:\Dev\Programs\NetBeans\6.7\OpenESB\{platform-cluster};C:\Dev\Programs\NetBeans\6.7\OpenESB\{ide-cluster};C:\Dev\Programs\NetBeans\6.7\OpenESB\{xml-cluster}" />
    <property name="java.ext.dirs" value="C:\Dev\Programs\Java\SDK\JDK\jre\lib\ext;C:\Windows\Sun\Java\lib\ext" />
    <property name="libs.metro.src" value="" />
    <property name="libs.savaje-ant-utils.maven-pom" value="" />
    <property name="libs.semc-ant-utils.src" value="" />
    <property name="libs.absolutelayout.classpath" value="C:\Dev\Programs\NetBeans\6.7\OpenESB\java2\modules\ext\AbsoluteLayout.jar" />
    <property name="libs.metro.classpath" value="C:\Dev\Programs\NetBeans\6.7\OpenESB\ide11\modules\ext\jaxb\activation.jar;C:\Dev\Programs\NetBeans\6.7\OpenESB\enterprise5\modules\ext\metro\webservices-api.jar;C:\Dev\Programs\NetBeans\6.7\OpenESB\enterprise5\modules\ext\metro\webservices-extra-api.jar;C:\Dev\Programs\NetBeans\6.7\OpenESB\enterprise5\modules\ext\metro\webservices-extra.jar;C:\Dev\Programs\NetBeans\6.7\OpenESB\enterprise5\modules\ext\metro\webservices-rt.jar;C:\Dev\Programs\NetBeans\6.7\OpenESB\enterprise5\modules\ext\metro\webservices-tools.jar" />
    <property name="libs.restlib.maven-pom" value="" />
    <property name="libs.DataBindingME.javadoc" value="C:\Dev\Programs\NetBeans\6.7\OpenESB\mobility8\modules\docs\netbeans_databindingme-api.zip" />
    <property name="apple.laf.useScreenMenuBar" value="true" />
    <property name="jbi.content.component" value="sun-bpel-engine" />
    <property name="java.class.path" value="C:\Dev\Programs\NetBeans\6.7\OpenESB\soa2\modules\org-netbeans-modules-compapp-manager-jbi.jar;C:\Dev\Programs\NetBeans\6.7\OpenESB\soa2\modules\org-netbeans-modules-compapp-projects-jbi.jar;C:\Dev\Programs\NetBeans\6.7\OpenESB\soa2\modules\ext\jbi\jbi-admin-common.jar;C:\Dev\Programs\NetBeans\6.7\OpenESB\soa2\modules\ext\jbi\catd.jar;C:\Dev\Programs\NetBeans\6.7\OpenESB\java2\modules\ext\junit-3.8.2.jar;C:\Dev\Programs\NetBeans\6.7\OpenESB\java2\modules\ext\jaxws21\api\saaj-api.jar;C:\Dev\Programs\NetBeans\6.7\OpenESB\java2\modules\ext\jaxws21\saaj-impl.jar;C:\Dev\Programs\NetBeans\6.7\OpenESB\java2\modules\ext\jaxws21\FastInfoset.jar;C:\Dev\Programs\NetBeans\6.7\OpenESB\ide11\modules\org-netbeans-modules-editor-lib.jar;C:\Dev\Programs\NetBeans\6.7\OpenESB\ide11\modules\org-netbeans-modules-editor.jar;C:\Dev\Programs\NetBeans\6.7\OpenESB\ide11\modules\org-netbeans-modules-editor-util.jar;C:\Dev\Programs\NetBeans\6.7\OpenESB\ide11\modules\org-netbeans-modules-editor-lib2.jar;C:\Dev\Programs\NetBeans\6.7\OpenESB\ide11\modules\org-netbeans-modules-editor-indent.jar;C:\Dev\Programs\NetBeans\6.7\OpenESB\ide11\modules\org-netbeans-modules-editor-plain.jar;C:\Dev\Programs\NetBeans\6.7\OpenESB\ide11\modules\org-netbeans-modules-editor-plain-lib.jar;C:\Dev\Programs\NetBeans\6.7\OpenESB\ide11\modules\org-netbeans-modules-editor-settings.jar;C:\Dev\Programs\NetBeans\6.7\OpenESB\ide11\modules\org-netbeans-modules-editor-settings-storage.jar;C:\Dev\Programs\NetBeans\6.7\OpenESB\ide11\modules\org-netbeans-modules-lexer.jar;C:\Dev\Programs\NetBeans\6.7\OpenESB\ide11\modules\org-netbeans-modules-xml-core.jar;C:\Dev\Programs\NetBeans\6.7\OpenESB\ide11\modules\org-netbeans-modules-xml-lexer.jar;C:\Dev\Programs\NetBeans\6.7\OpenESB\ide11\modules\org-netbeans-modules-xml-text.jar;C:\Dev\Programs\NetBeans\6.7\OpenESB\ide11\modules\org-netbeans-modules-xml-xdm.jar;C:\Dev\Programs\NetBeans\6.7\OpenESB\ide11\modules\org-netbeans-modules-xml-xam.jar;C:\Dev\Programs\NetBeans\6.7\OpenESB\ide11\modules\org-netbeans-modules-csl-api.jar;C:\Dev\Programs\NetBeans\6.7\OpenESB\ide11\modules\ext\jaxb\activation.jar;C:\Dev\Programs\NetBeans\6.7\OpenESB\platform10\lib\org-openide-modules.jar;C:\Dev\Programs\NetBeans\6.7\OpenESB\platform10\lib\org-openide-util.jar;C:\Dev\Programs\NetBeans\6.7\OpenESB\platform10\modules\org-openide-options.jar;C:\Dev\Programs\NetBeans\6.7\OpenESB\platform10\modules\org-openide-text.jar;C:\Dev\Programs\NetBeans\6.7\OpenESB\platform10\modules\org-openide-loaders.jar;C:\Dev\Programs\NetBeans\6.7\OpenESB\platform10\modules\org-openide-nodes.jar;C:\Dev\Programs\NetBeans\6.7\OpenESB\platform10\modules\org-netbeans-modules-editor-mimelookup.jar;C:\Dev\Programs\NetBeans\6.7\OpenESB\platform10\modules\org-netbeans-modules-editor-mimelookup-impl.jar;C:\Dev\Programs\NetBeans\6.7\OpenESB\platform10\core\org-openide-filesystems.jar;C:\Dev\Programs\NetBeans\6.7\OpenESB\java2\ant\lib\ant-launcher.jar;C:\Dev\Programs\NetBeans\6.7\OpenESB\java2\ant\lib\ant.jar;C:\Dev\Programs\NetBeans\6.7\OpenESB\java2\ant\patches\72080.jar" />
    <property name="libs.absolutelayout.src" value="" />
    <property name="libs.cdc-pp-awt-layout.maven-pom" value="" />
    <property name="os.version" value="6.1" />
    <property name="libs.JMUnit4CLDC11.maven-pom" value="" />
    <property name="libs.toplink.javadoc" value="C:\Dev\Programs\NetBeans\6.7\OpenESB\enterprise5\docs\javaee5-doc-api.zip" />
    <property name="sun.desktop" value="windows" />
    <property name="libs.nb_svg_midp_components.maven-pom" value="" />
    <property name="libs.PojoSELib.maven-pom" value="" />
    <property name="libs.ricoh-ant-utils.javadoc" value="" />
    <property name="libs.NetBeans MIDP Components PDA.maven-pom" value="" />
    <property name="libs.restlib.javadoc" value="C:\Dev\Programs\NetBeans\6.7\OpenESB\enterprise5\docs\jersey-api-doc.zip" />
    <property name="java.awt.graphicsenv" value="sun.awt.Win32GraphicsEnvironment" />
    <property name="libs.beans-binding.javadoc" value="C:\Dev\Programs\NetBeans\6.7\OpenESB\java2\docs\beansbinding-1.2.1-doc.zip" />
    <property name="java.vm.vendor" value="Sun Microsystems Inc." />
    <property name="libs.CopyLibs.classpath" value="C:\Dev\Programs\NetBeans\6.7\OpenESB\java2\ant\extra\org-netbeans-modules-java-j2seproject-copylibstask.jar" />
    <property name="libs.spring-webmvc.maven-pom" value="" />
    <property name="libs.ejb3-persistence.classpath" value="C:\Dev\Programs\NetBeans\6.7\OpenESB\java2\modules\ext\hibernate\ejb3-persistence.jar" />
    <property name="libs.spring-framework.javadoc" value="" />
    <property name="libs.DataBindingME-PIM.src" value="" />
    <property name="libs.PostgreSQLDriver.classpath" value="C:\Dev\Programs\NetBeans\6.7\OpenESB\ide11\modules\ext\postgresql-8.3-603.jdbc3.jar" />
    <property name="libs.Apache-CXF-2.2.3.maven-pom" value="" />
    <property name="libs.jsf12.maven-pom" value="" />
    <property name="soa.module.install.dir" value="C:\Dev\Programs\NetBeans\6.7\OpenESB\soa2\modules" />
    <property name="libs.junit.src" value="" />
    <property name="libs.Encoder-Custom.src" value="" />
    <property name="resource.bookstore-businessprocess" value="../bookstore-businessprocess/setup" />
    <property name="libs.CopyLibs.src" value="" />
    <property name="build.dir" value="build" />
    <property name="ant.version" value="Apache Ant version 1.7.1 compiled on June 27 2008" />
    <property name="file.encoding" value="Cp1252" />
    <property name="awt.toolkit" value="sun.awt.windows.WToolkit" />
  </properties>
  <testcase classname="org.netbeans.modules.compapp.catd.ConfiguredTest" name="ShipItemsFromWarehouseOrder" time="1.322" />
  <system-out><![CDATA[GenerateATSOutput=${generate.ats.output}
NetBeansUserDir=C:\Dev\Programs\NetBeans\6.7\.netbeans\glassfishesb
awt.toolkit=sun.awt.windows.WToolkit
file.encoding=Cp1252
file.encoding.pkg=sun.io
file.separator=\
inDebug=${inDebug}
java.awt.graphicsenv=sun.awt.Win32GraphicsEnvironment
java.awt.printerjob=sun.awt.windows.WPrinterJob
java.class.path=C:\Dev\Programs\NetBeans\6.7\OpenESB\soa2\modules\org-netbeans-modules-compapp-manager-jbi.jar;C:\Dev\Programs\NetBeans\6.7\OpenESB\soa2\modules\org-netbeans-modules-compapp-projects-jbi.jar;C:\Dev\Programs\NetBeans\6.7\OpenESB\soa2\modules\ext\jbi\jbi-admin-common.jar;C:\Dev\Programs\NetBeans\6.7\OpenESB\soa2\modules\ext\jbi\catd.jar;C:\Dev\Programs\NetBeans\6.7\OpenESB\java2\modules\ext\junit-3.8.2.jar;C:\Dev\Programs\NetBeans\6.7\OpenESB\java2\modules\ext\jaxws21\api\saaj-api.jar;C:\Dev\Programs\NetBeans\6.7\OpenESB\java2\modules\ext\jaxws21\saaj-impl.jar;C:\Dev\Programs\NetBeans\6.7\OpenESB\java2\modules\ext\jaxws21\FastInfoset.jar;C:\Dev\Programs\NetBeans\6.7\OpenESB\ide11\modules\org-netbeans-modules-editor-lib.jar;C:\Dev\Programs\NetBeans\6.7\OpenESB\ide11\modules\org-netbeans-modules-editor.jar;C:\Dev\Programs\NetBeans\6.7\OpenESB\ide11\modules\org-netbeans-modules-editor-util.jar;C:\Dev\Programs\NetBeans\6.7\OpenESB\ide11\modules\org-netbeans-modules-editor-lib2.jar;C:\Dev\Programs\NetBeans\6.7\OpenESB\ide11\modules\org-netbeans-modules-editor-indent.jar;C:\Dev\Programs\NetBeans\6.7\OpenESB\ide11\modules\org-netbeans-modules-editor-plain.jar;C:\Dev\Programs\NetBeans\6.7\OpenESB\ide11\modules\org-netbeans-modules-editor-plain-lib.jar;C:\Dev\Programs\NetBeans\6.7\OpenESB\ide11\modules\org-netbeans-modules-editor-settings.jar;C:\Dev\Programs\NetBeans\6.7\OpenESB\ide11\modules\org-netbeans-modules-editor-settings-storage.jar;C:\Dev\Programs\NetBeans\6.7\OpenESB\ide11\modules\org-netbeans-modules-lexer.jar;C:\Dev\Programs\NetBeans\6.7\OpenESB\ide11\modules\org-netbeans-modules-xml-core.jar;C:\Dev\Programs\NetBeans\6.7\OpenESB\ide11\modules\org-netbeans-modules-xml-lexer.jar;C:\Dev\Programs\NetBeans\6.7\OpenESB\ide11\modules\org-netbeans-modules-xml-text.jar;C:\Dev\Programs\NetBeans\6.7\OpenESB\ide11\modules\org-netbeans-modules-xml-xdm.jar;C:\Dev\Programs\NetBeans\6.7\OpenESB\ide11\modules\org-netbeans-modules-xml-xam.jar;C:\Dev\Programs\NetBeans\6.7\OpenESB\ide11\modules\org-netbeans-modules-csl-api.jar;C:\Dev\Programs\NetBeans\6.7\OpenESB\ide11\modules\ext\jaxb\activation.jar;C:\Dev\Programs\NetBeans\6.7\OpenESB\platform10\lib\org-openide-modules.jar;C:\Dev\Programs\NetBeans\6.7\OpenESB\platform10\lib\org-openide-util.jar;C:\Dev\Programs\NetBeans\6.7\OpenESB\platform10\modules\org-openide-options.jar;C:\Dev\Programs\NetBeans\6.7\OpenESB\platform10\modules\org-openide-text.jar;C:\Dev\Programs\NetBeans\6.7\OpenESB\platform10\modules\org-openide-loaders.jar;C:\Dev\Programs\NetBeans\6.7\OpenESB\platform10\modules\org-openide-nodes.jar;C:\Dev\Programs\NetBeans\6.7\OpenESB\platform10\modules\org-netbeans-modules-editor-mimelookup.jar;C:\Dev\Programs\NetBeans\6.7\OpenESB\platform10\modules\org-netbeans-modules-editor-mimelookup-impl.jar;C:\Dev\Programs\NetBeans\6.7\OpenESB\platform10\core\org-openide-filesystems.jar;C:\Dev\Programs\NetBeans\6.7\OpenESB\java2\ant\lib\ant-launcher.jar;C:\Dev\Programs\NetBeans\6.7\OpenESB\java2\ant\lib\ant.jar;C:\Dev\Programs\NetBeans\6.7\OpenESB\java2\ant\patches\72080.jar
java.class.version=50.0
java.endorsed.dirs=C:\Dev\Programs\Java\SDK\JDK\jre\lib\endorsed
java.ext.dirs=C:\Dev\Programs\Java\SDK\JDK\jre\lib\ext;C:\Windows\Sun\Java\lib\ext
java.home=C:\Dev\Programs\Java\SDK\JDK\jre
java.io.tmpdir=C:\Users\Sageniuz\AppData\Local\Temp\
java.library.path=C:\Dev\Programs\Java\SDK\JDK\jre\bin;.;C:\Windows\Sun\Java\bin;C:\Windows\system32;C:\Windows;C:\Program Files\Common Files\Microsoft Shared\Windows Live;C:\Program Files (x86)\Common Files\Microsoft Shared\Windows Live;C:\Program Files (x86)\Haskell\bin;C:\Dev\Programs\Haskell\lib\extralibs\bin;C:\Dev\Programs\Haskell\bin;C:\Windows\system32;C:\Windows;C:\Windows\System32\Wbem;C:\Windows\System32\WindowsPowerShell\v1.0\;C:\Program Files\WIDCOMM\Bluetooth Software\;C:\Program Files\WIDCOMM\Bluetooth Software\syswow64;C:\Program Files (x86)\Common Files\Roxio Shared\10.0\DLLShared\;C:\Program Files (x86)\Common Files\Roxio Shared\DLLShared\;C:\Program Files\Intel\WiFi\bin\;C:\Program Files\Common Files\Intel\WirelessCommon\;C:\Dev\Programs\Subversion\Slik\bin\;C:\Program Files (x86)\Windows Live\Shared;C:\Program Files (x86)\WinMerge;C:\Dev\Programs\Git\cmd;C:\Users\Sageniuz\AppData\Roaming\cabal\bin;C:\Dev\Programs\Java\SDK\JDK\bin;C:\Dev\Programs\Maven\3.0.2\bin;C:\Dev\Programs\Eclipse\Helios\jee;C:\Dev\Programs\Putty;C:\Dev\Programs\Ant\1.8.1\bin;C:\Dev\Programs\Tomcat\7.0.2\bin;C:\Dev\Src\Libs\ApacheCXF\2.2.10\bin;C:\Dev\Src\scripts;C:\Dev\Programs\Notepad2
java.runtime.name=Java(TM) SE Runtime Environment
java.runtime.version=1.6.0_21-b07
java.specification.name=Java Platform API Specification
java.specification.vendor=Sun Microsystems Inc.
java.specification.version=1.6
java.vendor=Sun Microsystems Inc.
java.vendor.url=http://java.sun.com/
java.vendor.url.bug=http://java.sun.com/cgi-bin/bugreport.cgi
java.version=1.6.0_21
java.vm.info=mixed mode
java.vm.name=Java HotSpot(TM) 64-Bit Server VM
java.vm.specification.name=Java Virtual Machine Specification
java.vm.specification.vendor=Sun Microsystems Inc.
java.vm.specification.version=1.0
java.vm.vendor=Sun Microsystems Inc.
java.vm.version=17.0-b17
line.separator=

org.netbeans.modules.compapp.catd.context=
os.arch=amd64
os.name=Windows 7
os.version=6.1
path.separator=;
sun.arch.data.model=64
sun.boot.class.path=C:\Dev\Programs\Java\SDK\JDK\jre\lib\resources.jar;C:\Dev\Programs\Java\SDK\JDK\jre\lib\rt.jar;C:\Dev\Programs\Java\SDK\JDK\jre\lib\sunrsasign.jar;C:\Dev\Programs\Java\SDK\JDK\jre\lib\jsse.jar;C:\Dev\Programs\Java\SDK\JDK\jre\lib\jce.jar;C:\Dev\Programs\Java\SDK\JDK\jre\lib\charsets.jar;C:\Dev\Programs\Java\SDK\JDK\jre\classes
sun.boot.library.path=C:\Dev\Programs\Java\SDK\JDK\jre\bin
sun.cpu.endian=little
sun.cpu.isalist=amd64
sun.desktop=windows
sun.io.unicode.encoding=UnicodeLittle
sun.java.launcher=SUN_STANDARD
sun.jnu.encoding=Cp1252
sun.management.compiler=HotSpot 64-Bit Server Compiler
sun.os.patch.level=
user.country=AT
user.dir=C:\Dev\Src\Workspaces\NetBeans\bookstore-composite-application
user.home=C:\Users\Sageniuz
user.language=de
user.name=Sageniuz
user.timezone=Europe/Berlin
user.variant=
Test ShipItemsFromWarehouseOrder\Concurrent.properties Passed. Threads count Success: <1> Error: <0> Not completed: <0>
]]></system-out>
  <system-err><![CDATA[]]></system-err>
</testsuite>
